<?xml version="1.0" encoding="UTF-8"?>
<!-- Generated by org.testng.reporters.JUnitXMLReporter -->
<testsuite ignored="0" hostname="Arvinds-MacBook-Air.local" failures="0" tests="4" name="Test" time="12.192" errors="0" timestamp="2021-12-29T00:24:10 IST">
  <testcase classname="DataShare.CreateBookingModuleTwo" name="createBooking" time="3.907"/>
  <testcase classname="DataShare.CreateBookingmoduleOne" name="createBooking" time="3.907"/>
  <testcase classname="DataShare.CreateBookingModuleTwo" name="getBooking" time="1.941"/>
  <testcase classname="DataShare.CreateBookingmoduleOne" name="getBooking" time="8.221"/>
</testsuite> <!-- Test -->
