<?xml version="1.0" encoding="UTF-8"?>
<testng-results ignored="0" total="4" passed="4" failed="0" skipped="0">
  <reporter-output>
  </reporter-output>
  <suite started-at="2021-12-29T00:23:53 IST" name="Suite" finished-at="2021-12-29T00:24:05 IST" duration-ms="12192">
    <groups>
    </groups>
    <test started-at="2021-12-29T00:23:53 IST" name="Test" finished-at="2021-12-29T00:24:05 IST" duration-ms="12192">
      <class name="DataShare.CreateBookingModuleTwo">
        <test-method signature="createBooking()[pri:1, instance:DataShare.CreateBookingModuleTwo@20f5239f]" started-at="2021-12-29T00:23:53 IST" name="createBooking" finished-at="2021-12-29T00:23:57 IST" duration-ms="3907" status="PASS">
          <reporter-output>
          </reporter-output>
        </test-method> <!-- createBooking -->
        <test-method signature="getBooking()[pri:2, instance:DataShare.CreateBookingModuleTwo@20f5239f]" started-at="2021-12-29T00:23:57 IST" name="getBooking" finished-at="2021-12-29T00:23:59 IST" duration-ms="1941" status="PASS">
          <reporter-output>
          </reporter-output>
        </test-method> <!-- getBooking -->
      </class> <!-- DataShare.CreateBookingModuleTwo -->
      <class name="DataShare.CreateBookingmoduleOne">
        <test-method signature="createBooking()[pri:1, instance:DataShare.CreateBookingmoduleOne@cad498c]" started-at="2021-12-29T00:23:53 IST" name="createBooking" finished-at="2021-12-29T00:23:57 IST" duration-ms="3907" status="PASS">
          <reporter-output>
          </reporter-output>
        </test-method> <!-- createBooking -->
        <test-method signature="getBooking()[pri:2, instance:DataShare.CreateBookingmoduleOne@cad498c]" started-at="2021-12-29T00:23:57 IST" name="getBooking" finished-at="2021-12-29T00:24:05 IST" duration-ms="8221" status="PASS">
          <reporter-output>
          </reporter-output>
        </test-method> <!-- getBooking -->
      </class> <!-- DataShare.CreateBookingmoduleOne -->
    </test> <!-- Test -->
  </suite> <!-- Suite -->
</testng-results>
